Sun Oct 07 2018 14:40:59 GMT+0800 (China Standard Time)Monitoring2 : Failed [cheverlu]
Sun Oct 07 2018 14:41:30 GMT+0800 (China Standard Time)Monitoring2 : Failed [cheverlu]
Invalid DateMonitoring2 : Failed [cheverlu]
Invalid DateMonitoring2 : Failed [cheverlu]
Invalid DateMonitoring2 : Failed [cheverlu]
2018Monitoring2 : Failed [cheverlu]
2018-9Monitoring2 : Failed [cheverlu]
2018-9-7Monitoring2 : Failed [cheverlu]
2018-10-7Monitoring2 : Failed [cheverlu]
2018-10-7Monitoring2 : Failed [cheverlu]
2018-10-7Monitoring2 : Failed [cheverlu]
2018-91-7Monitoring2 : Failed [cheverlu]
2018-20-7Monitoring2 : Failed [cheverlu]
2018-10-7Monitoring2 : Failed [cheverlu]
2018-10-6Monitoring2 : Failed [cheverlu]
2018-05-6Monitoring2 : Failed [cheverlu]
2018-51-6Monitoring2 : Failed [cheverlu]
2018-06-6Monitoring2 : Failed [cheverlu]
2018-03-9Monitoring2 : Failed [cheverlu]
2018-11-9Monitoring2 : Failed [cheverlu]
2018-11-9Monitoring2 : Failed [cheverlu]
2018-06-6Monitoring2 : Failed [cheverlu]
2018-06-06 8:0:0Monitoring2 : Failed [cheverlu]
2018-10-07 15:38:55Monitoring2 : Failed [cheverlu]
2018-06-06 1:5:0Monitoring2 : Failed [cheverlu]
2018-06-25 01:05:00Monitoring2 : Failed [cheverlu]
2018-10-07 15:44:08 Monitoring2 : Failed [cheverlu]
